<?xml version="1.0" encoding="UTF-8" ?>
<testsuite failures="0" time="0.202" errors="0" skipped="0" tests="2" name="org.example.filemanager.common.TestFileTypeResolver">
  <properties>
    <property name="java.runtime.name" value="Java(TM) SE Runtime Environment"/>
    <property name="sun.boot.library.path" value="c:\java\glassfishv3\jdk\jre\bin"/>
    <property name="java.vm.version" value="16.3-b01"/>
    <property name="java.vm.vendor" value="Sun Microsystems Inc."/>
    <property name="java.vendor.url" value="http://java.sun.com/"/>
    <property name="path.separator" value=";"/>
    <property name="java.vm.name" value="Java HotSpot(TM) 64-Bit Server VM"/>
    <property name="file.encoding.pkg" value="sun.io"/>
    <property name="user.country" value="RU"/>
    <property name="sun.java.launcher" value="SUN_STANDARD"/>
    <property name="sun.os.patch.level" value=""/>
    <property name="java.vm.specification.name" value="Java Virtual Machine Specification"/>
    <property name="user.dir" value="D:\work\bdd\FileManager\file-manager-arch"/>
    <property name="java.runtime.version" value="1.6.0_20-b02"/>
    <property name="java.awt.graphicsenv" value="sun.awt.Win32GraphicsEnvironment"/>
    <property name="basedir" value="D:\work\bdd\FileManager\file-manager-arch"/>
    <property name="java.endorsed.dirs" value="c:\java\glassfishv3\jdk\jre\lib\endorsed"/>
    <property name="os.arch" value="amd64"/>
    <property name="surefire.real.class.path" value="C:\Users\daivanov\AppData\Local\Temp\surefirebooter140037204850044477.jar"/>
    <property name="java.io.tmpdir" value="C:\Users\daivanov\AppData\Local\Temp\"/>
    <property name="line.separator" value="
"/>
    <property name="java.vm.specification.vendor" value="Sun Microsystems Inc."/>
    <property name="user.variant" value=""/>
    <property name="os.name" value="Windows 7"/>
    <property name="sun.jnu.encoding" value="Cp1251"/>
    <property name="java.library.path" value="c:\java\glassfishv3\jdk\jre\bin;.;C:\Windows\Sun\Java\bin;C:\Windows\system32;C:\Windows;C:\Windows\system32;C:\Windows;C:\Windows\System32\Wbem;C:\Windows\System32\WindowsPowerShell\v1.0\;C:\Program Files\ThinkPad\Bluetooth Software\;C:\Program Files\ThinkPad\Bluetooth Software\syswow64;C:\Program Files (x86)\ATI Technologies\ATI.ACE\Core-Static;C:\Program Files (x86)\Lenovo\Access Connections\;c:\java\glassfishv3\bin;c:\java\apache-maven-2.2.1\bin;c:\java\apache-ant-1.8.1\bin;c:\java\glassfishv3\jdk\bin;c:\program files (x86)\git\bin"/>
    <property name="surefire.test.class.path" value="D:\work\bdd\FileManager\file-manager-arch\target\test-classes;D:\work\bdd\FileManager\file-manager-arch\target\classes;D:\work\bdd\FileManager\file-manager-common\target\file-manager-common-1.0.0.jar;C:\Users\daivanov\.m2\repository\log4j\log4j\1.2.14\log4j-1.2.14.jar;C:\Users\daivanov\.m2\repository\commons-logging\commons-logging\1.1\commons-logging-1.1.jar;C:\Users\daivanov\.m2\repository\logkit\logkit\1.0.1\logkit-1.0.1.jar;C:\Users\daivanov\.m2\repository\avalon-framework\avalon-framework\4.1.3\avalon-framework-4.1.3.jar;C:\Users\daivanov\.m2\repository\javax\servlet\servlet-api\2.3\servlet-api-2.3.jar;C:\Users\daivanov\.m2\repository\junit\junit\4.4\junit-4.4.jar;"/>
    <property name="java.specification.name" value="Java Platform API Specification"/>
    <property name="java.class.version" value="50.0"/>
    <property name="sun.management.compiler" value="HotSpot 64-Bit Server Compiler"/>
    <property name="os.version" value="6.1"/>
    <property name="user.home" value="C:\Users\daivanov"/>
    <property name="user.timezone" value=""/>
    <property name="java.awt.printerjob" value="sun.awt.windows.WPrinterJob"/>
    <property name="java.specification.version" value="1.6"/>
    <property name="file.encoding" value="Cp1251"/>
    <property name="user.name" value="daivanov"/>
    <property name="java.class.path" value="D:\work\bdd\FileManager\file-manager-arch\target\test-classes;D:\work\bdd\FileManager\file-manager-arch\target\classes;D:\work\bdd\FileManager\file-manager-common\target\file-manager-common-1.0.0.jar;C:\Users\daivanov\.m2\repository\log4j\log4j\1.2.14\log4j-1.2.14.jar;C:\Users\daivanov\.m2\repository\commons-logging\commons-logging\1.1\commons-logging-1.1.jar;C:\Users\daivanov\.m2\repository\logkit\logkit\1.0.1\logkit-1.0.1.jar;C:\Users\daivanov\.m2\repository\avalon-framework\avalon-framework\4.1.3\avalon-framework-4.1.3.jar;C:\Users\daivanov\.m2\repository\javax\servlet\servlet-api\2.3\servlet-api-2.3.jar;C:\Users\daivanov\.m2\repository\junit\junit\4.4\junit-4.4.jar;"/>
    <property name="java.vm.specification.version" value="1.0"/>
    <property name="sun.arch.data.model" value="64"/>
    <property name="java.home" value="c:\java\glassfishv3\jdk\jre"/>
    <property name="java.specification.vendor" value="Sun Microsystems Inc."/>
    <property name="user.language" value="ru"/>
    <property name="awt.toolkit" value="sun.awt.windows.WToolkit"/>
    <property name="java.vm.info" value="mixed mode"/>
    <property name="java.version" value="1.6.0_20"/>
    <property name="java.ext.dirs" value="c:\java\glassfishv3\jdk\jre\lib\ext;C:\Windows\Sun\Java\lib\ext"/>
    <property name="sun.boot.class.path" value="c:\java\glassfishv3\jdk\jre\lib\resources.jar;c:\java\glassfishv3\jdk\jre\lib\rt.jar;c:\java\glassfishv3\jdk\jre\lib\sunrsasign.jar;c:\java\glassfishv3\jdk\jre\lib\jsse.jar;c:\java\glassfishv3\jdk\jre\lib\jce.jar;c:\java\glassfishv3\jdk\jre\lib\charsets.jar;c:\java\glassfishv3\jdk\jre\classes"/>
    <property name="java.vendor" value="Sun Microsystems Inc."/>
    <property name="localRepository" value="C:\Users\daivanov\.m2\repository"/>
    <property name="file.separator" value="\"/>
    <property name="java.vendor.url.bug" value="http://java.sun.com/cgi-bin/bugreport.cgi"/>
    <property name="sun.cpu.endian" value="little"/>
    <property name="sun.io.unicode.encoding" value="UnicodeLittle"/>
    <property name="sun.desktop" value="windows"/>
    <property name="sun.cpu.isalist" value="amd64"/>
  </properties>
  <testcase time="0.005" classname="org.example.filemanager.common.TestFileTypeResolver" name="testZipFile"/>
  <testcase time="0.002" classname="org.example.filemanager.common.TestFileTypeResolver" name="testRarFile"/>
</testsuite>